#
# There is insufficient memory for the Java Runtime Environment to continue.
# Native memory allocation (mmap) failed to map 132120576 bytes for G1 virtual space
# Possible reasons:
#   The system is out of physical RAM or swap space
#   The process is running with CompressedOops enabled, and the Java Heap may be blocking the growth of the native heap
# Possible solutions:
#   Reduce memory load on the system
#   Increase physical memory or swap space
#   Check if swap backing store is full
#   Decrease Java heap size (-Xmx/-Xms)
#   Decrease number of Java threads
#   Decrease Java thread stack sizes (-Xss)
#   Set larger code cache with -XX:ReservedCodeCacheSize=
#   JVM is running with Unscaled Compressed Oops mode in which the Java heap is
#     placed in the first 4GB address space. The Java Heap base address is the
#     maximum limit for the native heap growth. Please use -XX:HeapBaseMinAddress
#     to set the Java Heap base and to place the Java Heap above 4GB virtual address.
# This output file may be truncated or incomplete.
#
#  Out of Memory Error (os_windows.cpp:3600), pid=18068, tid=5872
#
# JRE version:  (21.0.2+13) (build )
# Java VM: OpenJDK 64-Bit Server VM (21.0.2+13-LTS, mixed mode, sharing, tiered, compressed oops, compressed class ptrs, g1 gc, windows-amd64)
# No core dump will be written. Minidumps are not enabled by default on client versions of Windows
#

---------------  S U M M A R Y ------------

Command Line: 

Host: Intel(R) Core(TM) i5-8350U CPU @ 1.70GHz, 8 cores, 7G,  Windows 11 , 64 bit Build 22621 (10.0.22621.3085)
Time: Thu Feb  1 13:14:29 2024 E. Africa Standard Time elapsed time: 0.012152 seconds (0d 0h 0m 0s)

---------------  T H R E A D  ---------------

Current thread (0x000001c865079ec0):  JavaThread "Unknown thread" [_thread_in_vm, id=5872, stack(0x00000095db500000,0x00000095db600000) (1024K)]

Stack: [0x00000095db500000,0x00000095db600000]
Native frames: (J=compiled Java code, j=interpreted, Vv=VM code, C=native code)
V  [jvm.dll+0x6c94f9]
V  [jvm.dll+0x8a3c21]
V  [jvm.dll+0x8a614e]
V  [jvm.dll+0x8a6823]
V  [jvm.dll+0x27fa86]
V  [jvm.dll+0x6c5c75]
V  [jvm.dll+0x6ba96a]
V  [jvm.dll+0x35398a]
V  [jvm.dll+0x35b536]
V  [jvm.dll+0x3ac6be]
V  [jvm.dll+0x3ac968]
V  [jvm.dll+0x327bcc]
V  [jvm.dll+0x32872b]
V  [jvm.dll+0x86ccf9]
V  [jvm.dll+0x3b96c1]
V  [jvm.dll+0x854ec8]
V  [jvm.dll+0x44d44e]
V  [jvm.dll+0x44eed1]
C  [jli.dll+0x5278]
C  [ucrtbase.dll+0x29363]
C  [KERNEL32.DLL+0x1257d]
C  [ntdll.dll+0x5aa58]


---------------  P R O C E S S  ---------------

Threads class SMR info:
_java_thread_list=0x00007ffdb97bf088, length=0, elements={
}

Java Threads: ( => current thread )
Total: 0

Other Threads:
  0x000001c8671a9c80 WorkerThread "GC Thread#0"                     [id=13724, stack(0x00000095db600000,0x00000095db700000) (1024K)]
  0x000001c8671bb3c0 ConcurrentGCThread "G1 Main Marker"            [id=22312, stack(0x00000095db700000,0x00000095db800000) (1024K)]
  0x000001c8671bbf80 WorkerThread "G1 Conc#0"                       [id=10508, stack(0x00000095db800000,0x00000095db900000) (1024K)]

[error occurred during error reporting (printing all threads), id 0xc0000005, EXCEPTION_ACCESS_VIOLATION (0xc0000005) at pc=0x00007ffdb8eca4f7]
VM state: not at safepoint (not fully initialized)

VM Mutex/Monitor currently owned by a thread:  ([mutex/lock_event])
[0x00007ffdb9833298] Heap_lock - owner thread: 0x000001c865079ec0

Heap address: 0x0000000083e00000, size: 1986 MB, Compressed Oops mode: 32-bit

CDS archive(s) mapped at: [0x0000000000000000-0x0000000000000000-0x0000000000000000), size 0, SharedBaseAddress: 0x0000000800000000, ArchiveRelocationMode: 1.
Narrow klass base: 0x0000000000000000, Narrow klass shift: 0, Narrow klass range: 0x0

GC Precious Log:
 CardTable entry size: 512
 Card Set container configuration: InlinePtr #cards 5 size 8 Array Of Cards #cards 12 size 40 Howl #buckets 4 coarsen threshold 1843 Howl Bitmap #cards 512 size 80 coarsen threshold 460 Card regions per heap region 1 cards per card region 2048

Heap:
 garbage-first heap   total 0K, used 0K [0x0000000083e00000, 0x0000000100000000)
  region size 1024K, 0 young (0K), 0 survivors (0K)

[error occurred during error reporting (printing heap information), id 0xc0000005, EXCEPTION_ACCESS_VIOLATION (0xc0000005) at pc=0x00007ffdb92b23c9]
GC Heap History (0 events):
No events

Dll operation events (1 events):
Event: 0.006 Loaded shared library C:\Program Files\Eclipse Adoptium\jdk-21.0.2.13-hotspot\bin\java.dll

Deoptimization events (0 events):
No events

Classes loaded (0 events):
No events

Classes unloaded (0 events):
No events

Classes redefined (0 events):
No events

Internal exceptions (0 events):
No events

ZGC Phase Switch (0 events):
No events

VM Operations (0 events):
No events

Events (0 events):
No events


Dynamic libraries:
0x00007ff7122e0000 - 0x00007ff7122ee000 	C:\Program Files\Eclipse Adoptium\jdk-21.0.2.13-hotspot\bin\java.exe
0x00007ffe5d370000 - 0x00007ffe5d587000 	C:\WINDOWS\SYSTEM32\ntdll.dll
0x00007ffe5b470000 - 0x00007ffe5b534000 	C:\WINDOWS\System32\KERNEL32.DLL
0x00007ffe5a850000 - 0x00007ffe5abf6000 	C:\WINDOWS\System32\KERNELBASE.dll
0x00007ffe5ade0000 - 0x00007ffe5aef1000 	C:\WINDOWS\System32\ucrtbase.dll
0x00007ffe3fc30000 - 0x00007ffe3fc48000 	C:\Program Files\Eclipse Adoptium\jdk-21.0.2.13-hotspot\bin\jli.dll
0x00007ffe3f850000 - 0x00007ffe3f86b000 	C:\Program Files\Eclipse Adoptium\jdk-21.0.2.13-hotspot\bin\VCRUNTIME140.dll
0x00007ffe5bee0000 - 0x00007ffe5c08e000 	C:\WINDOWS\System32\USER32.dll
0x00007ffe5b090000 - 0x00007ffe5b0b6000 	C:\WINDOWS\System32\win32u.dll
0x00007ffe40bf0000 - 0x00007ffe40e83000 	C:\WINDOWS\WinSxS\amd64_microsoft.windows.common-controls_6595b64144ccf1df_6.0.22621.2506_none_270c5ae97388e100\COMCTL32.dll
0x00007ffe5b0c0000 - 0x00007ffe5b0e9000 	C:\WINDOWS\System32\GDI32.dll
0x00007ffe5af00000 - 0x00007ffe5b018000 	C:\WINDOWS\System32\gdi32full.dll
0x00007ffe5c090000 - 0x00007ffe5c137000 	C:\WINDOWS\System32\msvcrt.dll
0x00007ffe5ad40000 - 0x00007ffe5adda000 	C:\WINDOWS\System32\msvcp_win.dll
0x00007ffe5ca80000 - 0x00007ffe5cab1000 	C:\WINDOWS\System32\IMM32.DLL
0x00007ffe53d20000 - 0x00007ffe53d2c000 	C:\Program Files\Eclipse Adoptium\jdk-21.0.2.13-hotspot\bin\vcruntime140_1.dll
0x00007ffe113c0000 - 0x00007ffe1144e000 	C:\Program Files\Eclipse Adoptium\jdk-21.0.2.13-hotspot\bin\msvcp140.dll
0x00007ffdb8b90000 - 0x00007ffdb9913000 	C:\Program Files\Eclipse Adoptium\jdk-21.0.2.13-hotspot\bin\server\jvm.dll
0x00007ffe5b620000 - 0x00007ffe5b6d3000 	C:\WINDOWS\System32\ADVAPI32.dll
0x00007ffe5b560000 - 0x00007ffe5b608000 	C:\WINDOWS\System32\sechost.dll
0x00007ffe5a6b0000 - 0x00007ffe5a6d8000 	C:\WINDOWS\System32\bcrypt.dll
0x00007ffe5bdc0000 - 0x00007ffe5bed7000 	C:\WINDOWS\System32\RPCRT4.dll
0x00007ffe5cb40000 - 0x00007ffe5cbb1000 	C:\WINDOWS\System32\WS2_32.dll
0x00007ffe5a580000 - 0x00007ffe5a5cd000 	C:\WINDOWS\SYSTEM32\POWRPROF.dll
0x00007ffe53cc0000 - 0x00007ffe53cf4000 	C:\WINDOWS\SYSTEM32\WINMM.dll
0x00007ffe54470000 - 0x00007ffe5447a000 	C:\WINDOWS\SYSTEM32\VERSION.dll
0x00007ffe5a560000 - 0x00007ffe5a573000 	C:\WINDOWS\SYSTEM32\UMPDC.dll
0x00007ffe596f0000 - 0x00007ffe59708000 	C:\WINDOWS\SYSTEM32\kernel.appcore.dll
0x00007ffe3fc20000 - 0x00007ffe3fc2a000 	C:\Program Files\Eclipse Adoptium\jdk-21.0.2.13-hotspot\bin\jimage.dll
0x00007ffe57f40000 - 0x00007ffe58173000 	C:\WINDOWS\SYSTEM32\DBGHELP.DLL
0x00007ffe5b880000 - 0x00007ffe5bc09000 	C:\WINDOWS\System32\combase.dll
0x00007ffe5c9a0000 - 0x00007ffe5ca77000 	C:\WINDOWS\System32\OLEAUT32.dll
0x00007ffe31b40000 - 0x00007ffe31b72000 	C:\WINDOWS\SYSTEM32\dbgcore.DLL
0x00007ffe5ac00000 - 0x00007ffe5ac7a000 	C:\WINDOWS\System32\bcryptPrimitives.dll
0x00007ffe3bf70000 - 0x00007ffe3bf8f000 	C:\Program Files\Eclipse Adoptium\jdk-21.0.2.13-hotspot\bin\java.dll

dbghelp: loaded successfully - version: 4.0.5 - missing functions: none
symbol engine: initialized successfully - sym options: 0x614 - pdb path: .;C:\Program Files\Eclipse Adoptium\jdk-21.0.2.13-hotspot\bin;C:\WINDOWS\SYSTEM32;C:\WINDOWS\WinSxS\amd64_microsoft.windows.common-controls_6595b64144ccf1df_6.0.22621.2506_none_270c5ae97388e100;C:\Program Files\Eclipse Adoptium\jdk-21.0.2.13-hotspot\bin\server

VM Arguments:
java_command: <unknown>
java_class_path (initial): <not set>
Launcher Type: SUN_STANDARD

[Global flags]
     intx CICompilerCount                          = 4                                         {product} {ergonomic}
     uint ConcGCThreads                            = 2                                         {product} {ergonomic}
     uint G1ConcRefinementThreads                  = 8                                         {product} {ergonomic}
   size_t G1HeapRegionSize                         = 1048576                                   {product} {ergonomic}
    uintx GCDrainStackTargetSize                   = 64                                        {product} {ergonomic}
   size_t InitialHeapSize                          = 132120576                                 {product} {ergonomic}
   size_t MarkStackSize                            = 4194304                                   {product} {ergonomic}
   size_t MaxHeapSize                              = 2082471936                                {product} {ergonomic}
   size_t MinHeapDeltaBytes                        = 1048576                                   {product} {ergonomic}
   size_t MinHeapSize                              = 8388608                                   {product} {ergonomic}
    uintx NonNMethodCodeHeapSize                   = 5839372                                {pd product} {ergonomic}
    uintx NonProfiledCodeHeapSize                  = 122909434                              {pd product} {ergonomic}
    uintx ProfiledCodeHeapSize                     = 122909434                              {pd product} {ergonomic}
    uintx ReservedCodeCacheSize                    = 251658240                              {pd product} {ergonomic}
     bool SegmentedCodeCache                       = true                                      {product} {ergonomic}
   size_t SoftMaxHeapSize                          = 2082471936                             {manageable} {ergonomic}
     bool UseCompressedOops                        = true                           {product lp64_product} {ergonomic}
     bool UseG1GC                                  = true                                      {product} {ergonomic}
     bool UseLargePagesIndividualAllocation        = false                                  {pd product} {ergonomic}

Logging:
Log output configuration:
 #0: stdout all=warning uptime,level,tags foldmultilines=false
 #1: stderr all=off uptime,level,tags foldmultilines=false

Environment Variables:
PATH=C:\Program Files\Eclipse Adoptium\jdk-21.0.2.13-hotspot\bin;C:\Program Files (x86)\Common Files\Oracle\Java\javapath;C:\WINDOWS\system32;C:\WINDOWS;C:\WINDOWS\System32\Wbem;C:\WINDOWS\System32\WindowsPowerShell\v1.0\;C:\WINDOWS\System32\OpenSSH\;C:\Program Files (x86)\Intel\Intel(R) Management Engine Components\DAL;C:\Program Files\Intel\Intel(R) Management Engine Components\DAL;C:\Users\Sila\AppData\Roaming\Python\Python311\Scripts;C:\Program Files\Git\cmd;C:\Users\Sila\AppData\Local\Microsoft\WindowsApps;C:\Users\Sila\AppData\Local\Programs\Microsoft VS Code\bin;C:\Users\Sila\AppData\Local\Programs\Microsoft VS Code Insiders\bin;C:\Users\Sila\AppData\Local\GitHubDesktop\bin;C:\Program Files\JetBrains\PyCharm 2023.1.2\bin;C:\Program Files\JetBrains\IntelliJ IDEA 2023.3.3\bin;C:\Users\Sila\AppData\Local\JetBrains\Toolbox\scripts;
USERNAME=Sila
OS=Windows_NT
PROCESSOR_IDENTIFIER=Intel64 Family 6 Model 142 Stepping 10, GenuineIntel
TMP=C:\Users\Sila\AppData\Local\Temp
TEMP=C:\Users\Sila\AppData\Local\Temp




Periodic native trim disabled

---------------  S Y S T E M  ---------------

OS:
 Windows 11 , 64 bit Build 22621 (10.0.22621.3085)
OS uptime: 0 days 21:51 hours

CPU: total 8 (initial active 8) (4 cores per cpu, 2 threads per core) family 6 model 142 stepping 10 microcode 0xf4, cx8, cmov, fxsr, ht, mmx, 3dnowpref, sse, sse2, sse3, ssse3, sse4.1, sse4.2, popcnt, lzcnt, tsc, tscinvbit, avx, avx2, aes, erms, clmul, bmi1, bmi2, rtm, adx, fma, vzeroupper, clflush, clflushopt, rdtscp, f16c
Processor Information for all 8 processors :
  Max Mhz: 1896, Current Mhz: 1696, Mhz Limit: 1687

Memory: 4k page, system-wide physical 7939M (554M free)
TotalPageFile size 14168M (AvailPageFile size 122M)
current process WorkingSet (physical memory assigned to process): 11M, peak: 11M
current process commit charge ("private bytes"): 60M, peak: 186M

vm_info: OpenJDK 64-Bit Server VM (21.0.2+13-LTS) for windows-amd64 JRE (21.0.2+13-LTS), built on 2024-01-16T00:00:00Z by "admin" with unknown MS VC++:1937

END.
